<?xml version="1.0" encoding="UTF-8"?>
<testsuite name="model.SearchTest" tests="6" skipped="0" failures="0" errors="0" timestamp="2021-11-26T12:20:05" hostname="DESKTOP-GGEQ14L" time="0.035">
  <properties/>
  <testcase name="testBM[0]" classname="model.SearchTest" time="0.024"/>
  <testcase name="testBM[1]" classname="model.SearchTest" time="0.001"/>
  <testcase name="testBM[2]" classname="model.SearchTest" time="0.0"/>
  <testcase name="testBM[3]" classname="model.SearchTest" time="0.003"/>
  <testcase name="testBM[4]" classname="model.SearchTest" time="0.002"/>
  <testcase name="testBM[5]" classname="model.SearchTest" time="0.002"/>
  <system-out><![CDATA[Zeit: 0.0023736 Sekunden
Zeit: 2.641E-4 Sekunden
Zeit: 1.24E-4 Sekunden
Zeit: 6.84E-5 Sekunden
Zeit: 2.03E-4 Sekunden
Zeit: 3.76E-5 Sekunden
]]></system-out>
  <system-err><![CDATA[]]></system-err>
</testsuite>
